<?xml version="1.0" encoding="UTF-8"?>
<!-- Generated by org.testng.reporters.JUnitXMLReporter -->
<testsuite hostname="DESKTOP-M3E2BR1" ignored="0" name="CreateOppTest" tests="1" failures="1" timestamp="2021-03-20T22:22:43 IST" time="7.972" errors="0">
  <testcase name="createOppurtunities" time="0.359" classname="opportunities.SAL2CreateOppurtunities">
    <failure type="org.openqa.selenium.NoSuchElementException" message="Cannot locate an element using xpath=//div[@class=&amp;apos;slds-icon-waffle&amp;apos;]
For documentation on this error, please visit: https://selenium.dev/exceptions/#no_such_element
Build info: version: &amp;apos;4.0.0-alpha-6&amp;apos;, revision: &amp;apos;5f43a29cfc&amp;apos;
System info: host: &amp;apos;DESKTOP-M3E2BR1&amp;apos;, ip: &amp;apos;192.168.29.50&amp;apos;, os.name: &amp;apos;Windows 10&amp;apos;, os.arch: &amp;apos;amd64&amp;apos;, os.version: &amp;apos;10.0&amp;apos;, java.version: &amp;apos;1.8.0_281&amp;apos;
Driver info: driver.version: RemoteWebDriver">
      <![CDATA[org.openqa.selenium.NoSuchElementException: Cannot locate an element using xpath=//div[@class='slds-icon-waffle']
For documentation on this error, please visit: https://selenium.dev/exceptions/#no_such_element
Build info: version: '4.0.0-alpha-6', revision: '5f43a29cfc'
System info: host: 'DESKTOP-M3E2BR1', ip: '192.168.29.50', os.name: 'Windows 10', os.arch: 'amd64', os.version: '10.0', java.version: '1.8.0_281'
Driver info: driver.version: RemoteWebDriver
at org.openqa.selenium.remote.RemoteWebDriver.findElement(RemoteWebDriver.java:336)
at org.openqa.selenium.remote.RemoteWebDriver.findElementByXPath(RemoteWebDriver.java:451)
at opportunities.SAL2CreateOppurtunities.createOppurtunities(SAL2CreateOppurtunities.java:20)
at java.util.concurrent.ThreadPoolExecutor.runWorker(Unknown Source)
at java.util.concurrent.ThreadPoolExecutor$Worker.run(Unknown Source)
at java.lang.Thread.run(Unknown Source)
... Removed 12 stack frames]]>
    </failure>
  </testcase> <!-- createOppurtunities -->
</testsuite> <!-- CreateOppTest -->
