<?xml version="1.0" encoding="UTF-8"?>
<!-- Generated by org.testng.reporters.JUnitXMLReporter -->
<testsuite hostname="DESKTOP-M3E2BR1" ignored="0" name="Test" tests="4" failures="0" timestamp="2021-03-20T21:01:12 IST" time="70.642" errors="0">
  <testcase name="createOppurtunities" time="8.67" classname="opportunities.SAL2CreateOppurtunities"/>
  <testcase name="createOppurtunities" time="13.312" classname="opportunities.SAL2CreateOppurtunities"/>
  <testcase name="createOppurtunities" time="11.435" classname="opportunities.SAL2CreateOppurtunities"/>
  <testcase name="createOppurtunities" time="11.119" classname="opportunities.SAL2CreateOppurtunities"/>
</testsuite> <!-- Test -->
